{"C:\\Users\\shanm\\OneDrive\\Desktop\\Appointment scheduling\\backend\\controllers\\controllers.js": {"path":"C:\\Users\\shanm\\OneDrive\\Desktop\\Appointment scheduling\\backend\\controllers\\controllers.js","all":false,"statementMap":{"0":{"start":{"line":1,"column":0},"end":{"line":1,"column":46}},"1":{"start":{"line":2,"column":0},"end":{"line":2,"column":36}},"2":{"start":{"line":3,"column":0},"end":{"line":3,"column":0}},"3":{"start":{"line":4,"column":0},"end":{"line":4,"column":45}},"4":{"start":{"line":5,"column":0},"end":{"line":5,"column":51}},"5":{"start":{"line":6,"column":0},"end":{"line":6,"column":38}},"6":{"start":{"line":7,"column":0},"end":{"line":7,"column":0}},"7":{"start":{"line":8,"column":0},"end":{"line":8,"column":1}},"8":{"start":{"line":9,"column":0},"end":{"line":9,"column":0}},"9":{"start":{"line":10,"column":0},"end":{"line":10,"column":42}},"10":{"start":{"line":11,"column":0},"end":{"line":11,"column":39}},"11":{"start":{"line":12,"column":0},"end":{"line":12,"column":0}},"12":{"start":{"line":13,"column":0},"end":{"line":13,"column":2}},"13":{"start":{"line":14,"column":0},"end":{"line":14,"column":74}},"14":{"start":{"line":15,"column":0},"end":{"line":15,"column":30}},"15":{"start":{"line":16,"column":0},"end":{"line":16,"column":71}},"16":{"start":{"line":17,"column":0},"end":{"line":17,"column":5}},"17":{"start":{"line":18,"column":0},"end":{"line":18,"column":9}},"18":{"start":{"line":19,"column":0},"end":{"line":19,"column":71}},"19":{"start":{"line":20,"column":0},"end":{"line":20,"column":41}},"20":{"start":{"line":21,"column":0},"end":{"line":21,"column":21}},"21":{"start":{"line":22,"column":0},"end":{"line":22,"column":54}},"22":{"start":{"line":23,"column":0},"end":{"line":23,"column":5}},"23":{"start":{"line":24,"column":0},"end":{"line":24,"column":1}},"24":{"start":{"line":25,"column":0},"end":{"line":25,"column":0}},"25":{"start":{"line":26,"column":0},"end":{"line":26,"column":47}},"26":{"start":{"line":27,"column":0},"end":{"line":27,"column":28}},"27":{"start":{"line":28,"column":0},"end":{"line":28,"column":47}},"28":{"start":{"line":29,"column":0},"end":{"line":29,"column":63}},"29":{"start":{"line":30,"column":0},"end":{"line":30,"column":7}},"30":{"start":{"line":31,"column":0},"end":{"line":31,"column":0}},"31":{"start":{"line":32,"column":0},"end":{"line":32,"column":56}},"32":{"start":{"line":33,"column":0},"end":{"line":33,"column":23}},"33":{"start":{"line":34,"column":0},"end":{"line":34,"column":59}},"34":{"start":{"line":35,"column":0},"end":{"line":35,"column":7}},"35":{"start":{"line":36,"column":0},"end":{"line":36,"column":22}},"36":{"start":{"line":37,"column":0},"end":{"line":37,"column":41}},"37":{"start":{"line":38,"column":0},"end":{"line":38,"column":7}},"38":{"start":{"line":39,"column":0},"end":{"line":39,"column":1}},"39":{"start":{"line":40,"column":0},"end":{"line":40,"column":0}},"40":{"start":{"line":41,"column":0},"end":{"line":41,"column":44}},"41":{"start":{"line":42,"column":0},"end":{"line":42,"column":29}},"42":{"start":{"line":43,"column":0},"end":{"line":43,"column":0}},"43":{"start":{"line":44,"column":0},"end":{"line":44,"column":3}},"44":{"start":{"line":45,"column":0},"end":{"line":45,"column":0}},"45":{"start":{"line":46,"column":0},"end":{"line":46,"column":69}},"46":{"start":{"line":47,"column":0},"end":{"line":47,"column":0}},"47":{"start":{"line":48,"column":0},"end":{"line":48,"column":22}},"48":{"start":{"line":49,"column":0},"end":{"line":49,"column":67}},"49":{"start":{"line":50,"column":0},"end":{"line":50,"column":5}},"50":{"start":{"line":51,"column":0},"end":{"line":51,"column":0}},"51":{"start":{"line":52,"column":0},"end":{"line":52,"column":37}},"52":{"start":{"line":53,"column":0},"end":{"line":53,"column":1}},"53":{"start":{"line":54,"column":0},"end":{"line":54,"column":0}},"54":{"start":{"line":55,"column":0},"end":{"line":55,"column":47}},"55":{"start":{"line":56,"column":0},"end":{"line":56,"column":30}},"56":{"start":{"line":57,"column":0},"end":{"line":57,"column":2}},"57":{"start":{"line":58,"column":0},"end":{"line":58,"column":47}},"58":{"start":{"line":59,"column":0},"end":{"line":59,"column":64}},"59":{"start":{"line":60,"column":0},"end":{"line":60,"column":5}},"60":{"start":{"line":61,"column":0},"end":{"line":61,"column":2}},"61":{"start":{"line":62,"column":0},"end":{"line":62,"column":66}},"62":{"start":{"line":63,"column":0},"end":{"line":63,"column":18}},"63":{"start":{"line":64,"column":0},"end":{"line":64,"column":22}},"64":{"start":{"line":65,"column":0},"end":{"line":65,"column":20}},"65":{"start":{"line":66,"column":0},"end":{"line":66,"column":6}},"66":{"start":{"line":67,"column":0},"end":{"line":67,"column":2}},"67":{"start":{"line":68,"column":0},"end":{"line":68,"column":30}},"68":{"start":{"line":69,"column":0},"end":{"line":69,"column":68}},"69":{"start":{"line":70,"column":0},"end":{"line":70,"column":5}},"70":{"start":{"line":71,"column":0},"end":{"line":71,"column":2}},"71":{"start":{"line":72,"column":0},"end":{"line":72,"column":45}},"72":{"start":{"line":73,"column":0},"end":{"line":73,"column":4}},"73":{"start":{"line":74,"column":0},"end":{"line":74,"column":2}},"74":{"start":{"line":75,"column":0},"end":{"line":75,"column":0}},"75":{"start":{"line":76,"column":0},"end":{"line":76,"column":109}}},"s":{"0":1,"1":1,"2":1,"3":1,"4":1,"5":1,"6":1,"7":1,"8":1,"9":1,"10":3,"11":3,"12":3,"13":3,"14":3,"15":1,"16":1,"17":2,"18":2,"19":1,"20":1,"21":1,"22":1,"23":3,"24":1,"25":1,"26":3,"27":3,"28":1,"29":1,"30":2,"31":2,"32":3,"33":1,"34":1,"35":3,"36":1,"37":1,"38":3,"39":1,"40":1,"41":2,"42":2,"43":2,"44":2,"45":2,"46":2,"47":2,"48":1,"49":1,"50":1,"51":1,"52":1,"53":1,"54":1,"55":3,"56":3,"57":3,"58":1,"59":1,"60":2,"61":2,"62":2,"63":2,"64":2,"65":2,"66":2,"67":3,"68":1,"69":1,"70":1,"71":1,"72":1,"73":1,"74":1,"75":1},"branchMap":{"0":{"type":"branch","line":4,"loc":{"start":{"line":4,"column":26},"end":{"line":8,"column":1}},"locations":[{"start":{"line":4,"column":26},"end":{"line":8,"column":1}}]},"1":{"type":"branch","line":10,"loc":{"start":{"line":10,"column":24},"end":{"line":24,"column":1}},"locations":[{"start":{"line":10,"column":24},"end":{"line":24,"column":1}}]},"2":{"type":"branch","line":15,"loc":{"start":{"line":15,"column":29},"end":{"line":17,"column":5}},"locations":[{"start":{"line":15,"column":29},"end":{"line":17,"column":5}}]},"3":{"type":"branch","line":17,"loc":{"start":{"line":17,"column":4},"end":{"line":19,"column":71}},"locations":[{"start":{"line":17,"column":4},"end":{"line":19,"column":71}}]},"4":{"type":"branch","line":20,"loc":{"start":{"line":20,"column":-2},"end":{"line":23,"column":5}},"locations":[{"start":{"line":20,"column":-2},"end":{"line":23,"column":5}}]},"5":{"type":"branch","line":26,"loc":{"start":{"line":26,"column":29},"end":{"line":39,"column":1}},"locations":[{"start":{"line":26,"column":29},"end":{"line":39,"column":1}}]},"6":{"type":"branch","line":28,"loc":{"start":{"line":28,"column":46},"end":{"line":30,"column":7}},"locations":[{"start":{"line":28,"column":46},"end":{"line":30,"column":7}}]},"7":{"type":"branch","line":30,"loc":{"start":{"line":30,"column":6},"end":{"line":33,"column":22}},"locations":[{"start":{"line":30,"column":6},"end":{"line":33,"column":22}}]},"8":{"type":"branch","line":33,"loc":{"start":{"line":33,"column":22},"end":{"line":35,"column":7}},"locations":[{"start":{"line":33,"column":22},"end":{"line":35,"column":7}}]},"9":{"type":"branch","line":35,"loc":{"start":{"line":35,"column":6},"end":{"line":36,"column":21}},"locations":[{"start":{"line":35,"column":6},"end":{"line":36,"column":21}}]},"10":{"type":"branch","line":36,"loc":{"start":{"line":36,"column":21},"end":{"line":38,"column":7}},"locations":[{"start":{"line":36,"column":21},"end":{"line":38,"column":7}}]},"11":{"type":"branch","line":41,"loc":{"start":{"line":41,"column":26},"end":{"line":53,"column":1}},"locations":[{"start":{"line":41,"column":26},"end":{"line":53,"column":1}}]},"12":{"type":"branch","line":48,"loc":{"start":{"line":48,"column":21},"end":{"line":53,"column":1}},"locations":[{"start":{"line":48,"column":21},"end":{"line":53,"column":1}}]},"13":{"type":"branch","line":55,"loc":{"start":{"line":55,"column":26},"end":{"line":73,"column":4}},"locations":[{"start":{"line":55,"column":26},"end":{"line":73,"column":4}}]},"14":{"type":"branch","line":58,"loc":{"start":{"line":58,"column":46},"end":{"line":60,"column":5}},"locations":[{"start":{"line":58,"column":46},"end":{"line":60,"column":5}}]},"15":{"type":"branch","line":60,"loc":{"start":{"line":60,"column":4},"end":{"line":68,"column":29}},"locations":[{"start":{"line":60,"column":4},"end":{"line":68,"column":29}}]},"16":{"type":"branch","line":68,"loc":{"start":{"line":68,"column":29},"end":{"line":73,"column":4}},"locations":[{"start":{"line":68,"column":29},"end":{"line":73,"column":4}}]}},"b":{"0":[1],"1":[3],"2":[1],"3":[2],"4":[1],"5":[3],"6":[1],"7":[2],"8":[1],"9":[2],"10":[1],"11":[2],"12":[1],"13":[3],"14":[1],"15":[2],"16":[1]},"fnMap":{"0":{"name":"getAllAppointment","decl":{"start":{"line":4,"column":26},"end":{"line":8,"column":1}},"loc":{"start":{"line":4,"column":26},"end":{"line":8,"column":1}},"line":4},"1":{"name":"postAppointment","decl":{"start":{"line":10,"column":24},"end":{"line":24,"column":1}},"loc":{"start":{"line":10,"column":24},"end":{"line":24,"column":1}},"line":10},"2":{"name":"getSingleAppointment","decl":{"start":{"line":26,"column":29},"end":{"line":39,"column":1}},"loc":{"start":{"line":26,"column":29},"end":{"line":39,"column":1}},"line":26},"3":{"name":"deleteappointment","decl":{"start":{"line":41,"column":26},"end":{"line":53,"column":1}},"loc":{"start":{"line":41,"column":26},"end":{"line":53,"column":1}},"line":41},"4":{"name":"updateAppointment","decl":{"start":{"line":55,"column":26},"end":{"line":73,"column":4}},"loc":{"start":{"line":55,"column":26},"end":{"line":73,"column":4}},"line":55}},"f":{"0":1,"1":3,"2":3,"3":2,"4":3}}
,"C:\\Users\\shanm\\OneDrive\\Desktop\\Appointment scheduling\\backend\\models\\model.js": {"path":"C:\\Users\\shanm\\OneDrive\\Desktop\\Appointment scheduling\\backend\\models\\model.js","all":false,"statementMap":{"0":{"start":{"line":1,"column":0},"end":{"line":1,"column":36}},"1":{"start":{"line":2,"column":0},"end":{"line":2,"column":0}},"2":{"start":{"line":3,"column":0},"end":{"line":3,"column":30}},"3":{"start":{"line":4,"column":0},"end":{"line":4,"column":0}},"4":{"start":{"line":5,"column":0},"end":{"line":5,"column":39}},"5":{"start":{"line":6,"column":0},"end":{"line":6,"column":13}},"6":{"start":{"line":7,"column":0},"end":{"line":7,"column":22}},"7":{"start":{"line":8,"column":0},"end":{"line":8,"column":23}},"8":{"start":{"line":9,"column":0},"end":{"line":9,"column":6}},"9":{"start":{"line":10,"column":0},"end":{"line":10,"column":0}},"10":{"start":{"line":11,"column":0},"end":{"line":11,"column":12}},"11":{"start":{"line":12,"column":0},"end":{"line":12,"column":20}},"12":{"start":{"line":13,"column":0},"end":{"line":13,"column":23}},"13":{"start":{"line":14,"column":0},"end":{"line":14,"column":6}},"14":{"start":{"line":15,"column":0},"end":{"line":15,"column":0}},"15":{"start":{"line":16,"column":0},"end":{"line":16,"column":12}},"16":{"start":{"line":17,"column":0},"end":{"line":17,"column":22}},"17":{"start":{"line":18,"column":0},"end":{"line":18,"column":24}},"18":{"start":{"line":19,"column":0},"end":{"line":19,"column":19}},"19":{"start":{"line":20,"column":0},"end":{"line":20,"column":5}},"20":{"start":{"line":21,"column":0},"end":{"line":21,"column":2}},"21":{"start":{"line":22,"column":0},"end":{"line":22,"column":0}},"22":{"start":{"line":23,"column":0},"end":{"line":23,"column":64}}},"s":{"0":1,"1":1,"2":1,"3":1,"4":1,"5":1,"6":1,"7":1,"8":1,"9":1,"10":1,"11":1,"12":1,"13":1,"14":1,"15":1,"16":1,"17":1,"18":1,"19":1,"20":1,"21":1,"22":1},"branchMap":{},"b":{},"fnMap":{},"f":{}}
}
