TN:
SF:controllers\controllers.js
FN:4,getAllAppointment
FN:10,postAppointment
FN:26,getSingleAppointment
FN:41,deleteappointment
FN:55,updateAppointment
FNF:5
FNH:5
FNDA:1,getAllAppointment
FNDA:3,postAppointment
FNDA:3,getSingleAppointment
FNDA:2,deleteappointment
FNDA:3,updateAppointment
DA:1,1
DA:2,1
DA:3,1
DA:4,1
DA:5,1
DA:6,1
DA:7,1
DA:8,1
DA:9,1
DA:10,1
DA:11,3
DA:12,3
DA:13,3
DA:14,3
DA:15,3
DA:16,1
DA:17,1
DA:18,2
DA:19,2
DA:20,1
DA:21,1
DA:22,1
DA:23,1
DA:24,3
DA:25,1
DA:26,1
DA:27,3
DA:28,3
DA:29,1
DA:30,1
DA:31,2
DA:32,2
DA:33,3
DA:34,1
DA:35,1
DA:36,3
DA:37,1
DA:38,1
DA:39,3
DA:40,1
DA:41,1
DA:42,2
DA:43,2
DA:44,2
DA:45,2
DA:46,2
DA:47,2
DA:48,2
DA:49,1
DA:50,1
DA:51,1
DA:52,1
DA:53,1
DA:54,1
DA:55,1
DA:56,3
DA:57,3
DA:58,3
DA:59,1
DA:60,1
DA:61,2
DA:62,2
DA:63,2
DA:64,2
DA:65,2
DA:66,2
DA:67,2
DA:68,3
DA:69,1
DA:70,1
DA:71,1
DA:72,1
DA:73,1
DA:74,1
DA:75,1
DA:76,1
LF:76
LH:76
BRDA:4,0,0,1
BRDA:10,1,0,3
BRDA:15,2,0,1
BRDA:17,3,0,2
BRDA:20,4,0,1
BRDA:26,5,0,3
BRDA:28,6,0,1
BRDA:30,7,0,2
BRDA:33,8,0,1
BRDA:35,9,0,2
BRDA:36,10,0,1
BRDA:41,11,0,2
BRDA:48,12,0,1
BRDA:55,13,0,3
BRDA:58,14,0,1
BRDA:60,15,0,2
BRDA:68,16,0,1
BRF:17
BRH:17
end_of_record
TN:
SF:models\model.js
FNF:0
FNH:0
DA:1,1
DA:2,1
DA:3,1
DA:4,1
DA:5,1
DA:6,1
DA:7,1
DA:8,1
DA:9,1
DA:10,1
DA:11,1
DA:12,1
DA:13,1
DA:14,1
DA:15,1
DA:16,1
DA:17,1
DA:18,1
DA:19,1
DA:20,1
DA:21,1
DA:22,1
DA:23,1
LF:23
LH:23
BRF:0
BRH:0
end_of_record
